<?xml version="1.0" encoding="UTF-8"?>
<!-- Generated by org.testng.reporters.JUnitXMLReporter -->
<testsuite ignored="6" hostname="VDC01LLAP5700" failures="0" tests="7" name="Surefire test" time="0.217" errors="0" timestamp="2023-02-21T19:48:13 IST">
  <testcase classname="com.qa.generic.BaseTest" name="@BeforeClass intializeDriver" time="-1.676989093796E9">
    <failure type="org.testng.TestNGException" message="
Parameter &amp;apos;platformName&amp;apos; is required by BeforeClass on method intializeDriver but has not been marked @Optional or defined
">
      <![CDATA[org.testng.TestNGException: 
Parameter 'platformName' is required by BeforeClass on method intializeDriver but has not been marked @Optional or defined

at java.base/java.util.ArrayList.forEach(ArrayList.java:1541)
... Removed 27 stack frames]]>
    </failure>
  </testcase> <!-- @BeforeClass intializeDriver -->
  <testcase classname="com.qa.tests.LoginDataDrivenTest" name="@BeforeMethod beforeMethod" time="0.0">
    <skipped/>
  </testcase> <!-- @BeforeMethod beforeMethod -->
  <testcase classname="com.qa.tests.LoginDataDrivenTest" name="@BeforeMethod beforeMethod" time="0.0">
    <skipped/>
  </testcase> <!-- @BeforeMethod beforeMethod -->
  <testcase classname="com.qa.generic.BaseTest" name="@AfterClass quitDriver" time="0.0">
    <skipped/>
  </testcase> <!-- @AfterClass quitDriver -->
  <testcase classname="com.qa.generic.BaseTest" name="@BeforeClass intializeDriver" time="-1.676989093914E9">
    <failure type="org.testng.TestNGException" message="
Parameter &amp;apos;platformName&amp;apos; is required by BeforeClass on method intializeDriver but has not been marked @Optional or defined
">
      <![CDATA[org.testng.TestNGException: 
Parameter 'platformName' is required by BeforeClass on method intializeDriver but has not been marked @Optional or defined

at java.base/java.util.ArrayList.forEach(ArrayList.java:1541)
... Removed 27 stack frames]]>
    </failure>
  </testcase> <!-- @BeforeClass intializeDriver -->
  <testcase classname="com.qa.tests.LoginTest" name="@BeforeMethod beforeMethod" time="0.0">
    <skipped/>
  </testcase> <!-- @BeforeMethod beforeMethod -->
  <testcase classname="com.qa.tests.LoginTest" name="@BeforeMethod beforeMethod" time="0.0">
    <skipped/>
  </testcase> <!-- @BeforeMethod beforeMethod -->
  <testcase classname="com.qa.tests.LoginTest" name="@BeforeMethod beforeMethod" time="0.0">
    <skipped/>
  </testcase> <!-- @BeforeMethod beforeMethod -->
  <testcase classname="com.qa.generic.BaseTest" name="@AfterClass quitDriver" time="0.0">
    <skipped/>
  </testcase> <!-- @AfterClass quitDriver -->
  <testcase classname="com.qa.generic.BaseTest" name="@BeforeClass intializeDriver" time="-1.676989093924E9">
    <failure type="org.testng.TestNGException" message="
Parameter &amp;apos;platformName&amp;apos; is required by BeforeClass on method intializeDriver but has not been marked @Optional or defined
">
      <![CDATA[org.testng.TestNGException: 
Parameter 'platformName' is required by BeforeClass on method intializeDriver but has not been marked @Optional or defined

at java.base/java.util.ArrayList.forEach(ArrayList.java:1541)
... Removed 27 stack frames]]>
    </failure>
  </testcase> <!-- @BeforeClass intializeDriver -->
  <testcase classname="com.qa.tests.RegistrationTest" name="@BeforeMethod beforeMethod" time="0.0">
    <skipped/>
  </testcase> <!-- @BeforeMethod beforeMethod -->
  <testcase classname="com.qa.tests.RegistrationTest" name="@AfterMethod afterMethod" time="0.0">
    <skipped/>
  </testcase> <!-- @AfterMethod afterMethod -->
  <testcase classname="com.qa.tests.RegistrationTest" name="@BeforeMethod beforeMethod" time="0.0">
    <skipped/>
  </testcase> <!-- @BeforeMethod beforeMethod -->
  <testcase classname="com.qa.tests.RegistrationTest" name="@AfterMethod afterMethod" time="0.0">
    <skipped/>
  </testcase> <!-- @AfterMethod afterMethod -->
  <testcase classname="com.qa.generic.BaseTest" name="@AfterClass quitDriver" time="0.0">
    <skipped/>
  </testcase> <!-- @AfterClass quitDriver -->
  <testcase classname="com.qa.tests.LoginDataDrivenTest" name="sucessfullLogin" time="0.0">
    <skipped/>
  </testcase> <!-- sucessfullLogin -->
  <testcase classname="com.qa.tests.LoginDataDrivenTest" name="sucessfullLogin" time="0.001">
    <skipped/>
  </testcase> <!-- sucessfullLogin -->
  <testcase classname="com.qa.tests.LoginTest" name="loginScreenNavigation" time="0.001">
    <skipped/>
  </testcase> <!-- loginScreenNavigation -->
  <testcase classname="com.qa.tests.LoginTest" name="invalidcredentialslLogin" time="0.0">
    <skipped/>
  </testcase> <!-- invalidcredentialslLogin -->
  <testcase classname="com.qa.tests.LoginTest" name="verifyErrorMsg_InvalidEmailId" time="0.0">
    <skipped/>
  </testcase> <!-- verifyErrorMsg_InvalidEmailId -->
  <testcase classname="com.qa.tests.RegistrationTest" name="registrationScreenNavigation" time="0.0">
    <skipped/>
  </testcase> <!-- registrationScreenNavigation -->
  <testcase classname="com.qa.tests.RegistrationTest" name="registrationFirstNameFieldErrorValidations" time="0.0">
    <skipped/>
  </testcase> <!-- registrationFirstNameFieldErrorValidations -->
  <testcase classname="com.qa.generic.BaseTest" name="@BeforeSuite StartServer" time="0.0">
    <ignored/>
  </testcase> <!-- @BeforeSuite StartServer -->
  <testcase classname="com.qa.generic.BaseTest" name="@BeforeSuite StartServer" time="0.0">
    <ignored/>
  </testcase> <!-- @BeforeSuite StartServer -->
  <testcase classname="com.qa.generic.BaseTest" name="@AfterSuite afterSuite" time="0.0">
    <ignored/>
  </testcase> <!-- @AfterSuite afterSuite -->
  <testcase classname="com.qa.generic.BaseTest" name="@AfterSuite afterSuite" time="0.0">
    <ignored/>
  </testcase> <!-- @AfterSuite afterSuite -->
  <testcase classname="com.qa.generic.BaseTest" name="@BeforeSuite StartServer" time="0.0">
    <ignored/>
  </testcase> <!-- @BeforeSuite StartServer -->
  <testcase classname="com.qa.generic.BaseTest" name="@AfterSuite afterSuite" time="0.0">
    <ignored/>
  </testcase> <!-- @AfterSuite afterSuite -->
</testsuite> <!-- Surefire test -->
