<!DOCTYPE html PUBLIC "-//W3C//DTD XHTML 1.1//EN" "https://www.w3.org/TR/xhtml11/DTD/xhtml11.dtd">
<html xmlns="https://www.w3.org/1999/xhtml">
<head>
<meta http-equiv="content-type" content="text/html; charset=UTF-8"/>
<title>TestNG Report</title>
<style type="text/css">table {margin-bottom:10px;border-collapse:collapse;empty-cells:show}th,td {border:1px solid #009;padding:.25em .5em}th {vertical-align:bottom}td {vertical-align:top}table a {font-weight:bold}.stripe td {background-color: #E6EBF9}.num {text-align:right}.passedodd td {background-color: #3F3}.passedeven td {background-color: #0A0}.skippedodd td {background-color: #DDD}.skippedeven td {background-color: #CCC}.failedodd td,.attn {background-color: #F33}.failedeven td,.stripe .attn {background-color: #D00}.stacktrace {white-space:pre;font-family:monospace}.totop {font-size:85%;text-align:center;border-bottom:2px solid #000}.invisible {display:none}</style>
</head>
<body>
<table>
<tr><th>Test</th><th># Passed</th><th># Skipped</th><th># Retried</th><th># Failed</th><th>Time (ms)</th><th>Included Groups</th><th>Excluded Groups</th></tr>
<tr><th colspan="8">Surefire suite</th></tr>
<tr><td><a href="#t0">Surefire test</a></td><td class="num">0</td><td class="num attn">7</td><td class="num">0</td><td class="num">0</td><td class="num">217</td><td></td><td></td></tr>
</table>
<table id='summary'><thead><tr><th>Class</th><th>Method</th><th>Start</th><th>Time (ms)</th></tr></thead><tbody><tr><th colspan="4">Surefire suite</th></tr></tbody><tbody id="t0"><tr><th colspan="4">Surefire test &#8212; failed (configuration methods)</th></tr><tr class="failedeven"><td rowspan="1">com.qa.tests.LoginDataDrivenTest</td><td><a href="#m0">intializeDriver</a></td><td rowspan="1">1676989093796</td><td rowspan="1">-1676989093796</td></tr><tr class="failedodd"><td rowspan="1">com.qa.tests.LoginTest</td><td><a href="#m1">intializeDriver</a></td><td rowspan="1">1676989093914</td><td rowspan="1">-1676989093914</td></tr><tr class="failedeven"><td rowspan="1">com.qa.tests.RegistrationTest</td><td><a href="#m2">intializeDriver</a></td><td rowspan="1">1676989093924</td><td rowspan="1">-1676989093924</td></tr><tr><th colspan="4">Surefire test &#8212; skipped (configuration methods)</th></tr><tr class="skippedeven"><td rowspan="3">com.qa.tests.LoginDataDrivenTest</td><td><a href="#m3">beforeMethod</a></td><td rowspan="2">1676989093897</td><td rowspan="2">0</td></tr><tr class="skippedeven"><td><a href="#m4">beforeMethod</a></td></tr><tr class="skippedeven"><td><a href="#m5">quitDriver</a></td><td rowspan="1">1676989093910</td><td rowspan="1">0</td></tr><tr class="skippedodd"><td rowspan="4">com.qa.tests.LoginTest</td><td><a href="#m6">beforeMethod</a></td><td rowspan="3">1676989093917</td><td rowspan="3">0</td></tr><tr class="skippedodd"><td><a href="#m7">beforeMethod</a></td></tr><tr class="skippedodd"><td><a href="#m8">beforeMethod</a></td></tr><tr class="skippedodd"><td><a href="#m9">quitDriver</a></td><td rowspan="1">1676989093923</td><td rowspan="1">0</td></tr><tr class="skippedeven"><td rowspan="5">com.qa.tests.RegistrationTest</td><td><a href="#m10">afterMethod</a></td><td rowspan="2">1676989093928</td><td rowspan="2">0</td></tr><tr class="skippedeven"><td><a href="#m11">afterMethod</a></td></tr><tr class="skippedeven"><td><a href="#m12">beforeMethod</a></td><td rowspan="2">1676989093933</td><td rowspan="2">0</td></tr><tr class="skippedeven"><td><a href="#m13">beforeMethod</a></td></tr><tr class="skippedeven"><td><a href="#m14">quitDriver</a></td><td rowspan="1">1676989093935</td><td rowspan="1">0</td></tr><tr><th colspan="4">Surefire test &#8212; skipped</th></tr><tr class="skippedeven"><td rowspan="2">com.qa.tests.LoginDataDrivenTest</td><td><a href="#m15">sucessfullLogin</a></td><td rowspan="2">1676989093907</td><td rowspan="2">1</td></tr><tr class="skippedeven"><td><a href="#m16">sucessfullLogin</a></td></tr><tr class="skippedodd"><td rowspan="3">com.qa.tests.LoginTest</td><td><a href="#m17">invalidcredentialslLogin</a></td><td rowspan="1">1676989093920</td><td rowspan="1">0</td></tr><tr class="skippedodd"><td><a href="#m18">loginScreenNavigation</a></td><td rowspan="1">1676989093917</td><td rowspan="1">1</td></tr><tr class="skippedodd"><td><a href="#m19">verifyErrorMsg_InvalidEmailId</a></td><td rowspan="1">1676989093923</td><td rowspan="1">0</td></tr><tr class="skippedeven"><td rowspan="2">com.qa.tests.RegistrationTest</td><td><a href="#m20">registrationFirstNameFieldErrorValidations</a></td><td rowspan="1">1676989093933</td><td rowspan="1">0</td></tr><tr class="skippedeven"><td><a href="#m21">registrationScreenNavigation</a></td><td rowspan="1">1676989093927</td><td rowspan="1">0</td></tr></tbody>
</table>
<h2>Surefire test</h2><h3 id="m0">com.qa.tests.LoginDataDrivenTest#intializeDriver</h3><table class="result"><tr><th>Exception</th></tr><tr><td><div class="stacktrace">org.testng.TestNGException: 
Parameter &apos;platformName&apos; is required by BeforeClass on method intializeDriver but has not been marked @Optional or defined

	at java.base/java.util.ArrayList.forEach(ArrayList.java:1541)
... Removed 27 stack frames</div></td></tr></table><p class="totop"><a href="#summary">back to summary</a></p>
<h3 id="m1">com.qa.tests.LoginTest#intializeDriver</h3><table class="result"><tr><th>Exception</th></tr><tr><td><div class="stacktrace">org.testng.TestNGException: 
Parameter &apos;platformName&apos; is required by BeforeClass on method intializeDriver but has not been marked @Optional or defined

	at java.base/java.util.ArrayList.forEach(ArrayList.java:1541)
... Removed 27 stack frames</div></td></tr></table><p class="totop"><a href="#summary">back to summary</a></p>
<h3 id="m2">com.qa.tests.RegistrationTest#intializeDriver</h3><table class="result"><tr><th>Exception</th></tr><tr><td><div class="stacktrace">org.testng.TestNGException: 
Parameter &apos;platformName&apos; is required by BeforeClass on method intializeDriver but has not been marked @Optional or defined

	at java.base/java.util.ArrayList.forEach(ArrayList.java:1541)
... Removed 27 stack frames</div></td></tr></table><p class="totop"><a href="#summary">back to summary</a></p>
<h3 id="m3">com.qa.tests.LoginDataDrivenTest#beforeMethod</h3><table class="result"><tr><th class="invisible"/></tr></table><p class="totop"><a href="#summary">back to summary</a></p>
<h3 id="m4">com.qa.tests.LoginDataDrivenTest#beforeMethod</h3><table class="result"><tr><th class="invisible"/></tr></table><p class="totop"><a href="#summary">back to summary</a></p>
<h3 id="m5">com.qa.tests.LoginDataDrivenTest#quitDriver</h3><table class="result"><tr><th class="invisible"/></tr></table><p class="totop"><a href="#summary">back to summary</a></p>
<h3 id="m6">com.qa.tests.LoginTest#beforeMethod</h3><table class="result"><tr><th class="invisible"/></tr></table><p class="totop"><a href="#summary">back to summary</a></p>
<h3 id="m7">com.qa.tests.LoginTest#beforeMethod</h3><table class="result"><tr><th class="invisible"/></tr></table><p class="totop"><a href="#summary">back to summary</a></p>
<h3 id="m8">com.qa.tests.LoginTest#beforeMethod</h3><table class="result"><tr><th class="invisible"/></tr></table><p class="totop"><a href="#summary">back to summary</a></p>
<h3 id="m9">com.qa.tests.LoginTest#quitDriver</h3><table class="result"><tr><th class="invisible"/></tr></table><p class="totop"><a href="#summary">back to summary</a></p>
<h3 id="m10">com.qa.tests.RegistrationTest#afterMethod</h3><table class="result"><tr><th class="invisible"/></tr></table><p class="totop"><a href="#summary">back to summary</a></p>
<h3 id="m11">com.qa.tests.RegistrationTest#afterMethod</h3><table class="result"><tr><th class="invisible"/></tr></table><p class="totop"><a href="#summary">back to summary</a></p>
<h3 id="m12">com.qa.tests.RegistrationTest#beforeMethod</h3><table class="result"><tr><th class="invisible"/></tr></table><p class="totop"><a href="#summary">back to summary</a></p>
<h3 id="m13">com.qa.tests.RegistrationTest#beforeMethod</h3><table class="result"><tr><th class="invisible"/></tr></table><p class="totop"><a href="#summary">back to summary</a></p>
<h3 id="m14">com.qa.tests.RegistrationTest#quitDriver</h3><table class="result"><tr><th class="invisible"/></tr></table><p class="totop"><a href="#summary">back to summary</a></p>
<h3 id="m15">com.qa.tests.LoginDataDrivenTest#sucessfullLogin</h3><table class="result"><tr class="param"><th>Parameter #1</th><th>Parameter #2</th></tr><tr class="param stripe"><td>testtia4@gmail.com</td><td>1234@4321</td></tr><tr><th colspan="2">Exception</th></tr><tr><td colspan="2"><div class="stacktrace">org.testng.TestNGException: 
Parameter &apos;platformName&apos; is required by BeforeClass on method intializeDriver but has not been marked @Optional or defined

	at java.base/java.util.ArrayList.forEach(ArrayList.java:1541)
... Removed 27 stack frames</div></td></tr></table><p class="totop"><a href="#summary">back to summary</a></p>
<h3 id="m16">com.qa.tests.LoginDataDrivenTest#sucessfullLogin</h3><table class="result"><tr class="param"><th>Parameter #1</th><th>Parameter #2</th></tr><tr class="param stripe"><td>john@gmail.com</td><td>123456789</td></tr><tr><th colspan="2">Exception</th></tr><tr><td colspan="2"><div class="stacktrace">org.testng.TestNGException: 
Parameter &apos;platformName&apos; is required by BeforeClass on method intializeDriver but has not been marked @Optional or defined

	at java.base/java.util.ArrayList.forEach(ArrayList.java:1541)
... Removed 27 stack frames</div></td></tr></table><p class="totop"><a href="#summary">back to summary</a></p>
<h3 id="m17">com.qa.tests.LoginTest#invalidcredentialslLogin</h3><table class="result"><tr><th>Exception</th></tr><tr><td><div class="stacktrace">org.testng.TestNGException: 
Parameter &apos;platformName&apos; is required by BeforeClass on method intializeDriver but has not been marked @Optional or defined

	at java.base/java.util.ArrayList.forEach(ArrayList.java:1541)
... Removed 27 stack frames</div></td></tr></table><p class="totop"><a href="#summary">back to summary</a></p>
<h3 id="m18">com.qa.tests.LoginTest#loginScreenNavigation</h3><table class="result"><tr><th>Exception</th></tr><tr><td><div class="stacktrace">org.testng.TestNGException: 
Parameter &apos;platformName&apos; is required by BeforeClass on method intializeDriver but has not been marked @Optional or defined

	at java.base/java.util.ArrayList.forEach(ArrayList.java:1541)
... Removed 27 stack frames</div></td></tr></table><p class="totop"><a href="#summary">back to summary</a></p>
<h3 id="m19">com.qa.tests.LoginTest#verifyErrorMsg_InvalidEmailId</h3><table class="result"><tr><th>Exception</th></tr><tr><td><div class="stacktrace">org.testng.TestNGException: 
Parameter &apos;platformName&apos; is required by BeforeClass on method intializeDriver but has not been marked @Optional or defined

	at java.base/java.util.ArrayList.forEach(ArrayList.java:1541)
... Removed 27 stack frames</div></td></tr></table><p class="totop"><a href="#summary">back to summary</a></p>
<h3 id="m20">com.qa.tests.RegistrationTest#registrationFirstNameFieldErrorValidations</h3><table class="result"><tr><th>Exception</th></tr><tr><td><div class="stacktrace">org.testng.TestNGException: 
Parameter &apos;platformName&apos; is required by BeforeClass on method intializeDriver but has not been marked @Optional or defined

	at java.base/java.util.ArrayList.forEach(ArrayList.java:1541)
... Removed 27 stack frames</div></td></tr></table><p class="totop"><a href="#summary">back to summary</a></p>
<h3 id="m21">com.qa.tests.RegistrationTest#registrationScreenNavigation</h3><table class="result"><tr><th>Exception</th></tr><tr><td><div class="stacktrace">org.testng.TestNGException: 
Parameter &apos;platformName&apos; is required by BeforeClass on method intializeDriver but has not been marked @Optional or defined

	at java.base/java.util.ArrayList.forEach(ArrayList.java:1541)
... Removed 27 stack frames</div></td></tr></table><p class="totop"><a href="#summary">back to summary</a></p>
</body>
</html>
